<?xml version="1.0" encoding="UTF-8"?>
<testng-results skipped="0" failed="0" total="3" passed="3">
  <reporter-output>
  </reporter-output>
  <suite name="DiscuzWhiteTest" duration-ms="73248" started-at="2018-05-30T08:29:31Z" finished-at="2018-05-30T08:30:44Z">
    <groups>
    </groups>
    <test name="product" duration-ms="73248" started-at="2018-05-30T08:29:31Z" finished-at="2018-05-30T08:30:44Z">
      <class name="testcase.TestLogin">
        <test-method status="PASS" signature="setUp()[pri:0, instance:testcase.TestLogin@61a485d2]" name="setUp" is-config="true" duration-ms="7796" started-at="2018-05-30T16:29:31Z" finished-at="2018-05-30T16:29:39Z">
          <reporter-output>
          </reporter-output>
        </test-method> <!-- setUp -->
        <test-method status="PASS" signature="testLogin()[pri:0, instance:testcase.TestLogin@61a485d2]" name="testLogin" duration-ms="18439" started-at="2018-05-30T16:29:39Z" finished-at="2018-05-30T16:29:57Z">
          <reporter-output>
          </reporter-output>
        </test-method> <!-- testLogin -->
        <test-method status="PASS" signature="clearDriver()[pri:0, instance:testcase.TestLogin@61a485d2]" name="clearDriver" is-config="true" duration-ms="1" started-at="2018-05-30T16:29:57Z" finished-at="2018-05-30T16:29:57Z">
          <reporter-output>
          </reporter-output>
        </test-method> <!-- clearDriver -->
      </class> <!-- testcase.TestLogin -->
      <class name="testcase.TestVote">
        <test-method status="PASS" signature="setUp()[pri:0, instance:testcase.TestVote@6276ae34]" name="setUp" is-config="true" duration-ms="8026" started-at="2018-05-30T16:30:16Z" finished-at="2018-05-30T16:30:24Z">
          <reporter-output>
          </reporter-output>
        </test-method> <!-- setUp -->
        <test-method status="PASS" signature="testVote()[pri:0, instance:testcase.TestVote@6276ae34]" name="testVote" duration-ms="20304" started-at="2018-05-30T16:30:24Z" finished-at="2018-05-30T16:30:44Z">
          <reporter-output>
          </reporter-output>
        </test-method> <!-- testVote -->
        <test-method status="PASS" signature="clearDriver()[pri:0, instance:testcase.TestVote@6276ae34]" name="clearDriver" is-config="true" duration-ms="0" started-at="2018-05-30T16:30:44Z" finished-at="2018-05-30T16:30:44Z">
          <reporter-output>
          </reporter-output>
        </test-method> <!-- clearDriver -->
      </class> <!-- testcase.TestVote -->
      <class name="testcase.TestSearch">
        <test-method status="PASS" signature="setUp()[pri:0, instance:testcase.TestSearch@39fb3ab6]" name="setUp" is-config="true" duration-ms="6787" started-at="2018-05-30T16:29:57Z" finished-at="2018-05-30T16:30:04Z">
          <reporter-output>
          </reporter-output>
        </test-method> <!-- setUp -->
        <test-method status="PASS" signature="testSearch()[pri:0, instance:testcase.TestSearch@39fb3ab6]" name="testSearch" duration-ms="11862" started-at="2018-05-30T16:30:04Z" finished-at="2018-05-30T16:30:16Z">
          <reporter-output>
          </reporter-output>
        </test-method> <!-- testSearch -->
        <test-method status="PASS" signature="clearDriver()[pri:0, instance:testcase.TestSearch@39fb3ab6]" name="clearDriver" is-config="true" duration-ms="1" started-at="2018-05-30T16:30:16Z" finished-at="2018-05-30T16:30:16Z">
          <reporter-output>
          </reporter-output>
        </test-method> <!-- clearDriver -->
      </class> <!-- testcase.TestSearch -->
    </test> <!-- product -->
  </suite> <!-- DiscuzWhiteTest -->
</testng-results>
