<?xml version="1.0" encoding="UTF-8"?>
<testng-results skipped="0" failed="0" total="2" passed="2">
  <reporter-output>
  </reporter-output>
  <suite name="DiscuzWhiteTest" duration-ms="48465" started-at="2018-05-10T08:57:26Z" finished-at="2018-05-10T08:58:15Z">
    <groups>
    </groups>
    <test name="product" duration-ms="48465" started-at="2018-05-10T08:57:26Z" finished-at="2018-05-10T08:58:15Z">
      <class name="testcase.TestLogin">
        <test-method status="PASS" signature="setUp()[pri:0, instance:testcase.TestLogin@59e84876]" name="setUp" is-config="true" duration-ms="5911" started-at="2018-05-10T16:57:26Z" finished-at="2018-05-10T16:57:32Z">
          <reporter-output>
          </reporter-output>
        </test-method> <!-- setUp -->
        <test-method status="PASS" signature="testLogin()[pri:0, instance:testcase.TestLogin@59e84876]" name="testLogin" duration-ms="18248" started-at="2018-05-10T16:57:32Z" finished-at="2018-05-10T16:57:50Z">
          <reporter-output>
          </reporter-output>
        </test-method> <!-- testLogin -->
        <test-method status="PASS" signature="clearDriver()[pri:0, instance:testcase.TestLogin@59e84876]" name="clearDriver" is-config="true" duration-ms="1" started-at="2018-05-10T16:57:50Z" finished-at="2018-05-10T16:57:50Z">
          <reporter-output>
          </reporter-output>
        </test-method> <!-- clearDriver -->
      </class> <!-- testcase.TestLogin -->
      <class name="testcase.TestVote">
        <test-method status="PASS" signature="setUp()[pri:0, instance:testcase.TestVote@61a485d2]" name="setUp" is-config="true" duration-ms="5103" started-at="2018-05-10T16:57:50Z" finished-at="2018-05-10T16:57:56Z">
          <reporter-output>
          </reporter-output>
        </test-method> <!-- setUp -->
        <test-method status="PASS" signature="testVote()[pri:0, instance:testcase.TestVote@61a485d2]" name="testVote" duration-ms="19183" started-at="2018-05-10T16:57:56Z" finished-at="2018-05-10T16:58:15Z">
          <reporter-output>
          </reporter-output>
        </test-method> <!-- testVote -->
        <test-method status="PASS" signature="clearDriver()[pri:0, instance:testcase.TestVote@61a485d2]" name="clearDriver" is-config="true" duration-ms="0" started-at="2018-05-10T16:58:15Z" finished-at="2018-05-10T16:58:15Z">
          <reporter-output>
          </reporter-output>
        </test-method> <!-- clearDriver -->
      </class> <!-- testcase.TestVote -->
    </test> <!-- product -->
  </suite> <!-- DiscuzWhiteTest -->
</testng-results>
