<?xml version="1.0" encoding="UTF-8"?>
<testng-results skipped="0" failed="0" total="4" passed="4">
  <reporter-output>
  </reporter-output>
  <suite name="DiscuzWhiteTest" duration-ms="189126" started-at="2018-05-10T05:38:11Z" finished-at="2018-05-10T05:41:20Z">
    <groups>
    </groups>
    <test name="product" duration-ms="189126" started-at="2018-05-10T05:38:11Z" finished-at="2018-05-10T05:41:20Z">
      <class name="testcase.TestAdmin_User">
        <test-method status="PASS" signature="setUp()[pri:0, instance:testcase.TestAdmin_User@6276ae34]" name="setUp" is-config="true" duration-ms="4606" started-at="2018-05-10T13:38:38Z" finished-at="2018-05-10T13:38:42Z">
          <reporter-output>
          </reporter-output>
        </test-method> <!-- setUp -->
        <test-method status="PASS" signature="test()[pri:0, instance:testcase.TestAdmin_User@6276ae34]" name="test" duration-ms="87907" started-at="2018-05-10T13:38:42Z" finished-at="2018-05-10T13:40:10Z">
          <reporter-output>
          </reporter-output>
        </test-method> <!-- test -->
        <test-method status="PASS" signature="clearDriver()[pri:0, instance:testcase.TestAdmin_User@6276ae34]" name="clearDriver" is-config="true" duration-ms="0" started-at="2018-05-10T13:40:10Z" finished-at="2018-05-10T13:40:10Z">
          <reporter-output>
          </reporter-output>
        </test-method> <!-- clearDriver -->
      </class> <!-- testcase.TestAdmin_User -->
      <class name="testcase.TestLogin">
        <test-method status="PASS" signature="setUp()[pri:0, instance:testcase.TestLogin@39fb3ab6]" name="setUp" is-config="true" duration-ms="8240" started-at="2018-05-10T13:38:11Z" finished-at="2018-05-10T13:38:19Z">
          <reporter-output>
          </reporter-output>
        </test-method> <!-- setUp -->
        <test-method status="PASS" signature="testLogin()[pri:0, instance:testcase.TestLogin@39fb3ab6]" name="testLogin" duration-ms="18729" started-at="2018-05-10T13:38:19Z" finished-at="2018-05-10T13:38:38Z">
          <reporter-output>
          </reporter-output>
        </test-method> <!-- testLogin -->
        <test-method status="PASS" signature="clearDriver()[pri:0, instance:testcase.TestLogin@39fb3ab6]" name="clearDriver" is-config="true" duration-ms="0" started-at="2018-05-10T13:38:38Z" finished-at="2018-05-10T13:38:38Z">
          <reporter-output>
          </reporter-output>
        </test-method> <!-- clearDriver -->
      </class> <!-- testcase.TestLogin -->
      <class name="testcase.TestVote">
        <test-method status="PASS" signature="setUp()[pri:0, instance:testcase.TestVote@3c09711b]" name="setUp" is-config="true" duration-ms="5003" started-at="2018-05-10T13:40:28Z" finished-at="2018-05-10T13:40:33Z">
          <reporter-output>
          </reporter-output>
        </test-method> <!-- setUp -->
        <test-method status="PASS" signature="testVote()[pri:0, instance:testcase.TestVote@3c09711b]" name="testVote" duration-ms="47013" started-at="2018-05-10T13:40:33Z" finished-at="2018-05-10T13:41:20Z">
          <reporter-output>
          </reporter-output>
        </test-method> <!-- testVote -->
        <test-method status="PASS" signature="clearDriver()[pri:0, instance:testcase.TestVote@3c09711b]" name="clearDriver" is-config="true" duration-ms="0" started-at="2018-05-10T13:41:20Z" finished-at="2018-05-10T13:41:20Z">
          <reporter-output>
          </reporter-output>
        </test-method> <!-- clearDriver -->
      </class> <!-- testcase.TestVote -->
      <class name="testcase.TestSearch">
        <test-method status="PASS" signature="setUp()[pri:0, instance:testcase.TestSearch@7946e1f4]" name="setUp" is-config="true" duration-ms="4958" started-at="2018-05-10T13:40:10Z" finished-at="2018-05-10T13:40:15Z">
          <reporter-output>
          </reporter-output>
        </test-method> <!-- setUp -->
        <test-method status="PASS" signature="testSearch()[pri:0, instance:testcase.TestSearch@7946e1f4]" name="testSearch" duration-ms="12641" started-at="2018-05-10T13:40:15Z" finished-at="2018-05-10T13:40:28Z">
          <reporter-output>
          </reporter-output>
        </test-method> <!-- testSearch -->
        <test-method status="PASS" signature="clearDriver()[pri:0, instance:testcase.TestSearch@7946e1f4]" name="clearDriver" is-config="true" duration-ms="1" started-at="2018-05-10T13:40:28Z" finished-at="2018-05-10T13:40:28Z">
          <reporter-output>
          </reporter-output>
        </test-method> <!-- clearDriver -->
      </class> <!-- testcase.TestSearch -->
    </test> <!-- product -->
  </suite> <!-- DiscuzWhiteTest -->
</testng-results>
